
> bagscreator-fund@1.0.0 watcher
> node scripts/watcher.mjs

╔══════════════════════════════════════════╗
║     BCF Position Vault Watcher           ║
╚══════════════════════════════════════════╝
Puerto   : 3001
RPC      : https://api.devnet.solana.com
Intervalo: 15000ms
── El servidor HTTP arranca antes de Anchor ─
[Watcher] ✅ HTTP escuchando en 0.0.0.0:3001
[Watcher] Inicializando Anchor…
[Watcher] Keypair cargado: wsl.exe /tmp/bcf_watcher_kp.json (WSL2 bridge)
[Watcher] ✅ Anchor listo
[Watcher] Sweeper : YmTYQJifjP2DawdxDUYuNCZJ5to9ge5nNGaWGW2ozJU
[Watcher] Program : ELarLMHYVxR2TndqEc6kHUSvwRyZUPHJ5BHFcD7yQtcJ
[Watcher] RPC     : https://api.devnet.solana.com
[Watcher] Balance sweeper: 4.4936 SOL
[Watcher] Balance OK — ~898711 sweeps posibles

[06:56:00] 1 vault(s)
  ⏳ pos#67: 1503360/100000000

[06:56:15] 1 vault(s)
  ⏳ pos#67: 1503360/100000000

[06:56:30] 1 vault(s)
  ⏳ pos#67: 1503360/100000000

[06:56:45] 1 vault(s)
  ⏳ pos#67: 1503360/100000000

[06:57:00] 1 vault(s)
  ⏳ pos#67: 1503360/100000000

[06:57:15] 1 vault(s)
  ⏳ pos#67: 1503360/100000000

[06:57:30] 1 vault(s)
  ⏳ pos#67: 1503360/100000000

[06:57:45] 1 vault(s)
  ⏳ pos#67: 1503360/100000000

[06:58:00] 1 vault(s)
  ⏳ pos#67: 1503360/100000000

[06:58:15] 1 vault(s)
  ⏳ pos#67: 1503360/100000000

[06:58:30] 1 vault(s)
  ⏳ pos#67: 1503360/100000000

[06:58:45] 1 vault(s)
  ⏳ pos#67: 1503360/100000000

[06:59:00] 1 vault(s)
  ⏳ pos#67: 1503360/100000000

[06:59:15] 1 vault(s)
  ⏳ pos#67: 1503360/100000000

[06:59:30] 1 vault(s)
  ⏳ pos#67: 1503360/100000000

[06:59:45] 1 vault(s)
  ⏳ pos#67: 1503360/100000000

[07:00:00] 1 vault(s)
  ⏳ pos#67: 1503360/100000000

[07:00:15] 1 vault(s)
  ⏳ pos#67: 1503360/100000000

[07:00:30] 1 vault(s)
  ⏳ pos#67: 1503360/100000000

[07:00:45] 1 vault(s)
  ⏳ pos#67: 1503360/100000000

[07:01:00] 1 vault(s)
  ⏳ pos#67: 1503360/100000000

[07:01:15] 1 vault(s)
  ⏳ pos#67: 1503360/100000000

[07:01:30] 1 vault(s)
  ⏳ pos#67: 1503360/100000000

[07:01:45] 1 vault(s)
  ⏳ pos#67: 1503360/100000000

[07:02:00] 1 vault(s)
  ⏳ pos#67: 1503360/100000000

[07:02:15] 1 vault(s)
  ⏳ pos#67: 1503360/100000000

[07:02:30] 1 vault(s)
  ⏳ pos#67: 1503360/100000000

[07:02:45] 1 vault(s)
  ⏳ pos#67: 1503360/100000000

[07:03:00] 1 vault(s)
  ⏳ pos#67: 1503360/100000000

[14:50:46] Poll error: fetch failed

[14:51:01] 1 vault(s)
  ⏳ pos#67: 1503360/100000000

[14:51:16] 1 vault(s)
  ⏳ pos#67: 1503360/100000000

[14:51:31] 1 vault(s)
  ⏳ pos#67: 1503360/100000000

[14:51:46] 1 vault(s)
  ⏳ pos#67: 1503360/100000000

[14:52:01] 1 vault(s)
  ⏳ pos#67: 1503360/100000000

[14:52:16] 1 vault(s)
  ⏳ pos#67: 1503360/100000000

[14:52:31] 1 vault(s)
  ⏳ pos#67: 1503360/100000000

[14:52:46] 1 vault(s)
  ⏳ pos#67: 1503360/100000000

[14:53:01] 1 vault(s)
  ⏳ pos#67: 1503360/100000000

[14:53:16] 1 vault(s)
  ⏳ pos#67: 1503360/100000000

[14:53:31] 1 vault(s)
  ⏳ pos#67: 1503360/100000000

[14:53:46] 1 vault(s)
  ⏳ pos#67: 1503360/100000000

[14:54:01] 1 vault(s)
  ⏳ pos#67: 1503360/100000000

[14:54:16] 1 vault(s)
  ⏳ pos#67: 1503360/100000000

[14:54:31] 1 vault(s)
  ⏳ pos#67: 1503360/100000000

[14:54:46] 1 vault(s)
  ⏳ pos#67: 1503360/100000000

[14:55:01] 1 vault(s)
  ⏳ pos#67: 1503360/100000000

[14:55:16] 1 vault(s)
  ⏳ pos#67: 1503360/100000000

[14:55:31] 1 vault(s)
  ⏳ pos#67: 1503360/100000000

[14:55:46] 1 vault(s)
  ⏳ pos#67: 1503360/100000000

[14:56:01] 2 vault(s)
  ⏳ pos#67: 1503360/100000000
  ⏳ pos#75: 1503360/100000000

[/sweep-now] pos#75 campaign 79awx49h… recipient G5keksf2…
[doSweep] Sweeping pos#75 (111503360/100000000 lamports)…
[doSweep] ✅ pos#75 → 4tFi8YF1TzXFU6mA… (rent+tip: +0.0135 SOL)

[14:56:16] 1 vault(s)
  ⏳ pos#67: 1503360/100000000

[14:56:31] 1 vault(s)
  ⏳ pos#67: 1503360/100000000

[14:56:47] 1 vault(s)
  ⏳ pos#67: 1503360/100000000

[14:57:02] 1 vault(s)
  ⏳ pos#67: 1503360/100000000

[14:57:17] 1 vault(s)
  ⏳ pos#67: 1503360/100000000

[14:57:32] 1 vault(s)
  ⏳ pos#67: 1503360/100000000

[14:57:47] 1 vault(s)
  ⏳ pos#67: 1503360/100000000

[14:58:02] 1 vault(s)
  ⏳ pos#67: 1503360/100000000

[14:58:17] 1 vault(s)
  ⏳ pos#67: 1503360/100000000

[14:58:32] 1 vault(s)
  ⏳ pos#67: 1503360/100000000

[14:58:47] 1 vault(s)
  ⏳ pos#67: 1503360/100000000

[14:59:02] 1 vault(s)
  ⏳ pos#67: 1503360/100000000

[14:59:17] 1 vault(s)
  ⏳ pos#67: 1503360/100000000

[14:59:32] 1 vault(s)
  ⏳ pos#67: 1503360/100000000

[14:59:47] 1 vault(s)
  ⏳ pos#67: 1503360/100000000

[15:00:02] 1 vault(s)
  ⏳ pos#67: 1503360/100000000

[15:00:17] 1 vault(s)
  ⏳ pos#67: 1503360/100000000

[15:00:32] 1 vault(s)
  ⏳ pos#67: 1503360/100000000

[15:00:47] 1 vault(s)
  ⏳ pos#67: 1503360/100000000

[15:01:02] 1 vault(s)
  ⏳ pos#67: 1503360/100000000

[15:01:17] 1 vault(s)
  ⏳ pos#67: 1503360/100000000

[15:01:32] 1 vault(s)
  ⏳ pos#67: 1503360/100000000

[15:01:47] 1 vault(s)
  ⏳ pos#67: 1503360/100000000

[15:02:02] 1 vault(s)
  ⏳ pos#67: 1503360/100000000

[15:02:17] 1 vault(s)
  ⏳ pos#67: 1503360/100000000

[15:02:32] 1 vault(s)
  ⏳ pos#67: 1503360/100000000

[15:02:47] 1 vault(s)
  ⏳ pos#67: 1503360/100000000

[15:03:02] 1 vault(s)
  ⏳ pos#67: 1503360/100000000

[15:03:17] 1 vault(s)
  ⏳ pos#67: 1503360/100000000

[15:03:32] 1 vault(s)
  ⏳ pos#67: 1503360/100000000

[15:03:47] 1 vault(s)
  ⏳ pos#67: 1503360/100000000

[15:04:02] 1 vault(s)
  ⏳ pos#67: 1503360/100000000

[15:04:17] 1 vault(s)
  ⏳ pos#67: 1503360/100000000

[15:04:32] 1 vault(s)
  ⏳ pos#67: 1503360/100000000

[15:04:47] 1 vault(s)
  ⏳ pos#67: 1503360/100000000

[15:05:02] 1 vault(s)
  ⏳ pos#67: 1503360/100000000

[15:05:17] 1 vault(s)
  ⏳ pos#67: 1503360/100000000

[15:05:32] 1 vault(s)
  ⏳ pos#67: 1503360/100000000

[15:05:47] 1 vault(s)
  ⏳ pos#67: 1503360/100000000

[15:06:02] 1 vault(s)
  ⏳ pos#67: 1503360/100000000

[15:06:17] 1 vault(s)
  ⏳ pos#67: 1503360/100000000

[15:06:32] 1 vault(s)
  ⏳ pos#67: 1503360/100000000

[15:06:47] 1 vault(s)
  ⏳ pos#67: 1503360/100000000

[15:07:02] 1 vault(s)
  ⏳ pos#67: 1503360/100000000

[15:07:17] 1 vault(s)
  ⏳ pos#67: 1503360/100000000

[15:07:32] 1 vault(s)
  ⏳ pos#67: 1503360/100000000

[15:07:47] 1 vault(s)
  ⏳ pos#67: 1503360/100000000

[15:08:02] 1 vault(s)
  ⏳ pos#67: 1503360/100000000

[15:08:17] 1 vault(s)
  ⏳ pos#67: 1503360/100000000

[15:08:32] 1 vault(s)
  ⏳ pos#67: 1503360/100000000

[15:08:47] 1 vault(s)
  ⏳ pos#67: 1503360/100000000

[15:09:02] 1 vault(s)
  ⏳ pos#67: 1503360/100000000

[15:09:17] 1 vault(s)
  ⏳ pos#67: 1503360/100000000

[15:09:32] 1 vault(s)
  ⏳ pos#67: 1503360/100000000

[15:09:47] 1 vault(s)
  ⏳ pos#67: 1503360/100000000

[15:10:02] 1 vault(s)
  ⏳ pos#67: 1503360/100000000

[15:10:17] 1 vault(s)
  ⏳ pos#67: 1503360/100000000

[15:10:32] 1 vault(s)
  ⏳ pos#67: 1503360/100000000

[15:10:47] 1 vault(s)
  ⏳ pos#67: 1503360/100000000

[15:11:02] 1 vault(s)
  ⏳ pos#67: 1503360/100000000

[15:11:17] 1 vault(s)
  ⏳ pos#67: 1503360/100000000

[15:11:32] 1 vault(s)
  ⏳ pos#67: 1503360/100000000

[15:11:47] 1 vault(s)
  ⏳ pos#67: 1503360/100000000

[15:12:02] 1 vault(s)
  ⏳ pos#67: 1503360/100000000

[15:12:17] 1 vault(s)
  ⏳ pos#67: 1503360/100000000

[15:12:32] 1 vault(s)
  ⏳ pos#67: 1503360/100000000

[15:12:47] 1 vault(s)
  ⏳ pos#67: 1503360/100000000

[15:13:02] 1 vault(s)
  ⏳ pos#67: 1503360/100000000

[15:13:17] 2 vault(s)
  ⏳ pos#0: 1503360/100000000
  ⏳ pos#67: 1503360/100000000

[15:13:32] 2 vault(s)
  ⏳ pos#0: 1503360/100000000
  ⏳ pos#67: 1503360/100000000

[/sweep-now] pos#0 campaign 7TSFacdV… recipient G5keksf2…
[doSweep] Sweeping pos#0 (111503360/100000000 lamports)…
[doSweep] ✅ pos#0 → 2qTSB7Hsp9YsHRzz… (rent+tip: +0.0135 SOL)

[15:13:47] 1 vault(s)
  ⏳ pos#67: 1503360/100000000

[15:14:02] 2 vault(s)
  ⏳ pos#67: 1503360/100000000
  ⏳ pos#1: 1503360/100000000

[/sweep-now] pos#1 campaign 7TSFacdV… recipient Bhh9WLZE…
[doSweep] Sweeping pos#1 (111503360/100000000 lamports)…
[doSweep] ✅ pos#1 → 2ARYRuRNPZHXYV3v… (rent+tip: +0.0135 SOL)

[15:14:17] 1 vault(s)
  ⏳ pos#67: 1503360/100000000

[15:14:32] 1 vault(s)
  ⏳ pos#67: 1503360/100000000

[15:14:47] 1 vault(s)
  ⏳ pos#67: 1503360/100000000

[15:15:02] 1 vault(s)
  ⏳ pos#67: 1503360/100000000

[15:15:17] 2 vault(s)
  💰 pos#2: 111503360/100000000 — sweeping…
[doSweep] Sweeping pos#2 (111503360/100000000 lamports)…
[doSweep] ✅ pos#2 → 3Xvp39V9D9BRdyao… (rent+tip: +0.0135 SOL)
  ✅ pos#2 → 3Xvp39V9D9BRdyao…
  ⏳ pos#67: 1503360/100000000

[15:15:32] 1 vault(s)
  ⏳ pos#67: 1503360/100000000

[15:15:47] 2 vault(s)
  💰 pos#3: 111503360/100000000 — sweeping…
[doSweep] Sweeping pos#3 (111503360/100000000 lamports)…
[doSweep] ✅ pos#3 → 7HNokfWrYw9wnxaK… (rent+tip: +0.0135 SOL)
  ✅ pos#3 → 7HNokfWrYw9wnxaK…
  ⏳ pos#67: 1503360/100000000

[15:16:02] 2 vault(s)
  ⏳ pos#67: 1503360/100000000
  ⏳ pos#4: 1503360/100000000

[/sweep-now] pos#4 campaign 7TSFacdV… recipient G5keksf2…
[doSweep] Sweeping pos#4 (111503360/100000000 lamports)…

[15:16:17] 2 vault(s)
  ⏳ pos#67: 1503360/100000000
  💰 pos#4: 111503360/100000000 — sweeping…
[doSweep] ✅ pos#4 → 3Gwa1ygHikRudxjm… (rent+tip: +0.0135 SOL)
[doSweep] Vault pos#4 no inicializado (balance: 0 lamports)
  ⚠️  pos#4 sweep error: AnchorError thrown in programs/bags-creator-fund/src/lib.rs:339. Error

[15:16:32] 2 vault(s)
  ⏳ pos#67: 1503360/100000000
  ⏳ pos#5: 1503360/100000000

[/sweep-now] pos#5 campaign 7TSFacdV… recipient G5keksf2…
[doSweep] Sweeping pos#5 (111503360/100000000 lamports)…

[15:16:47] 2 vault(s)
  ⏳ pos#67: 1503360/100000000
  💰 pos#5: 111503360/100000000 — sweeping…
[doSweep] ✅ pos#5 → 3cMN5kGHaJeFqC35… (rent+tip: +0.0135 SOL)
  ⚠️  pos#5 sweep error: Posición #5 ya asignada a G5keksf2MFmq6ZwLsemdRExaudYyAJqB7F1aqaRFbJ48

[15:17:02] 1 vault(s)
  ⏳ pos#67: 1503360/100000000

[15:17:17] 2 vault(s)
  ⏳ pos#67: 1503360/100000000
  💰 pos#6: 111503360/100000000 — sweeping…
[doSweep] Sweeping pos#6 (111503360/100000000 lamports)…
[doSweep] ✅ pos#6 → 2SuavNZDB8pTMLYn… (rent+tip: +0.0135 SOL)
  ✅ pos#6 → 2SuavNZDB8pTMLYn…

[15:17:32] 2 vault(s)
  ⏳ pos#67: 1503360/100000000
  ⏳ pos#7: 1503360/100000000

[15:17:47] 2 vault(s)
  ⏳ pos#67: 1503360/100000000
  ⏳ pos#7: 1503360/100000000

[/sweep-now] pos#7 campaign 7TSFacdV… recipient G5keksf2…
[doSweep] Sweeping pos#7 (111503360/100000000 lamports)…
[doSweep] ✅ pos#7 → 5CmCSih61x3t1H2o… (rent+tip: +0.0135 SOL)

[15:18:02] 1 vault(s)
  ⏳ pos#67: 1503360/100000000

[15:18:17] 2 vault(s)
  ⏳ pos#8: 1503360/100000000
  ⏳ pos#67: 1503360/100000000

[/sweep-now] pos#8 campaign 7TSFacdV… recipient G5keksf2…
[doSweep] Sweeping pos#8 (111503360/100000000 lamports)…

[15:18:32] 2 vault(s)
  💰 pos#8: 111503360/100000000 — sweeping…
[doSweep] ✅ pos#8 → 57UD2RXbPTGJxzBK… (rent+tip: +0.0135 SOL)
  ⚠️  pos#8 sweep error: Vault con 0 lamports, se necesitan 100000000 (0.1000 SOL)
  ⏳ pos#67: 1503360/100000000

[15:18:47] 1 vault(s)
  ⏳ pos#67: 1503360/100000000

[15:19:02] 2 vault(s)
  ⏳ pos#9: 1503360/100000000
  ⏳ pos#67: 1503360/100000000

[/sweep-now] pos#9 campaign 7TSFacdV… recipient G5keksf2…
[doSweep] Sweeping pos#9 (111503360/100000000 lamports)…
[doSweep] ✅ pos#9 → 5L222w945pX3nGwy… (rent+tip: +0.0135 SOL)

[15:19:17] 1 vault(s)
  ⏳ pos#67: 1503360/100000000

[15:19:32] 2 vault(s)
  ⏳ pos#10: 1503360/100000000
  ⏳ pos#67: 1503360/100000000

[15:19:47] 2 vault(s)
  ⏳ pos#10: 1503360/100000000
  ⏳ pos#67: 1503360/100000000

[15:20:02] 3 vault(s)
  ⏳ pos#10: 1503360/100000000
  ⏳ pos#10: 1503360/100000000
  ⏳ pos#67: 1503360/100000000

[/sweep-now] pos#10 campaign 7TSFacdV… recipient G5keksf2…
[doSweep] Sweeping pos#10 (111503360/100000000 lamports)…
[doSweep] ✅ pos#10 → 44Tm6oZiVVPV4jVD… (rent+tip: +0.0135 SOL)

[15:20:17] 2 vault(s)
  ⏳ pos#10: 1503360/100000000
  ⏳ pos#67: 1503360/100000000

[15:20:32] 3 vault(s)
  ⏳ pos#10: 1503360/100000000
  ⏳ pos#11: 1503360/100000000
  ⏳ pos#67: 1503360/100000000

[15:20:47] 4 vault(s)
  ⏳ pos#10: 1503360/100000000
  ⏳ pos#11: 1503360/100000000
  💰 pos#11: 111503360/100000000 — sweeping…
[doSweep] Sweeping pos#11 (111503360/100000000 lamports)…
[doSweep] ✅ pos#11 → 2EJTmnrqHKzmWzXX… (rent+tip: +0.0135 SOL)
  ✅ pos#11 → 2EJTmnrqHKzmWzXX…
  ⏳ pos#67: 1503360/100000000

[15:21:02] 3 vault(s)
  ⏳ pos#10: 1503360/100000000
  ⏳ pos#11: 1503360/100000000
  ⏳ pos#67: 1503360/100000000

[15:21:17] 4 vault(s)
  ⏳ pos#10: 1503360/100000000
  ⏳ pos#11: 1503360/100000000
  ⏳ pos#67: 1503360/100000000
  ⏳ pos#12: 1503360/100000000

[/sweep-now] pos#12 campaign 7TSFacdV… recipient G5keksf2…
[doSweep] Sweeping pos#12 (111503360/100000000 lamports)…
[doSweep] ✅ pos#12 → 5PSSiHPiByVkh9jL… (rent+tip: +0.0135 SOL)

[15:21:32] 3 vault(s)
  ⏳ pos#10: 1503360/100000000
  ⏳ pos#11: 1503360/100000000
  ⏳ pos#67: 1503360/100000000

[15:21:47] 3 vault(s)
  ⏳ pos#10: 1503360/100000000
  ⏳ pos#11: 1503360/100000000
  ⏳ pos#67: 1503360/100000000

[15:22:02] 3 vault(s)
  ⏳ pos#10: 1503360/100000000
  ⏳ pos#11: 1503360/100000000
  ⏳ pos#67: 1503360/100000000

[15:22:17] 4 vault(s)
  ⏳ pos#10: 1503360/100000000
  ⏳ pos#13: 1503360/100000000
  ⏳ pos#11: 1503360/100000000
  ⏳ pos#67: 1503360/100000000

[/sweep-now] pos#13 campaign 7TSFacdV… recipient G5keksf2…
[doSweep] Sweeping pos#13 (111503360/100000000 lamports)…
[doSweep] ✅ pos#13 → 5E1Bu45szJC5CmYM… (rent+tip: +0.0135 SOL)

[15:22:32] 3 vault(s)
  ⏳ pos#10: 1503360/100000000
  ⏳ pos#11: 1503360/100000000
  ⏳ pos#67: 1503360/100000000

[15:22:47] 3 vault(s)
  ⏳ pos#10: 1503360/100000000
  ⏳ pos#11: 1503360/100000000
  ⏳ pos#67: 1503360/100000000

[15:23:02] 4 vault(s)
  ⏳ pos#10: 1503360/100000000
  ⏳ pos#11: 1503360/100000000
  ⏳ pos#14: 1503360/100000000
  ⏳ pos#67: 1503360/100000000

[/sweep-now] pos#14 campaign 7TSFacdV… recipient G5keksf2…
[doSweep] Sweeping pos#14 (111503360/100000000 lamports)…
[doSweep] ✅ pos#14 → 43SRTF2iwNBNhRRW… (rent+tip: +0.0135 SOL)

[15:23:17] 3 vault(s)
  ⏳ pos#10: 1503360/100000000
  ⏳ pos#11: 1503360/100000000
  ⏳ pos#67: 1503360/100000000

[15:23:32] 3 vault(s)
  ⏳ pos#10: 1503360/100000000
  ⏳ pos#11: 1503360/100000000
  ⏳ pos#67: 1503360/100000000

[15:23:47] 3 vault(s)
  ⏳ pos#10: 1503360/100000000
  ⏳ pos#11: 1503360/100000000
  ⏳ pos#67: 1503360/100000000

[15:24:02] 3 vault(s)
  ⏳ pos#10: 1503360/100000000
  ⏳ pos#11: 1503360/100000000
  ⏳ pos#67: 1503360/100000000

[15:24:17] 3 vault(s)
  ⏳ pos#10: 1503360/100000000
  ⏳ pos#11: 1503360/100000000
  ⏳ pos#67: 1503360/100000000

[15:24:32] 3 vault(s)
  ⏳ pos#10: 1503360/100000000
  ⏳ pos#11: 1503360/100000000
  ⏳ pos#67: 1503360/100000000

[15:24:47] 3 vault(s)
  ⏳ pos#10: 1503360/100000000
  ⏳ pos#11: 1503360/100000000
  ⏳ pos#67: 1503360/100000000

[15:25:02] 3 vault(s)
  ⏳ pos#10: 1503360/100000000
  ⏳ pos#11: 1503360/100000000
  ⏳ pos#67: 1503360/100000000

[15:25:17] 3 vault(s)
  ⏳ pos#10: 1503360/100000000
  ⏳ pos#11: 1503360/100000000
  ⏳ pos#67: 1503360/100000000

[15:25:32] 3 vault(s)
  ⏳ pos#10: 1503360/100000000
  ⏳ pos#11: 1503360/100000000
  ⏳ pos#67: 1503360/100000000

[15:25:47] 3 vault(s)
  ⏳ pos#10: 1503360/100000000
  ⏳ pos#11: 1503360/100000000
  ⏳ pos#67: 1503360/100000000

[15:26:02] 3 vault(s)
  ⏳ pos#10: 1503360/100000000
  ⏳ pos#11: 1503360/100000000
  ⏳ pos#67: 1503360/100000000

[15:26:17] 3 vault(s)
  ⏳ pos#10: 1503360/100000000
  ⏳ pos#11: 1503360/100000000
  ⏳ pos#67: 1503360/100000000

[15:26:32] 3 vault(s)
  ⏳ pos#10: 1503360/100000000
  ⏳ pos#11: 1503360/100000000
  ⏳ pos#67: 1503360/100000000

[15:26:47] 3 vault(s)
  ⏳ pos#10: 1503360/100000000
  ⏳ pos#11: 1503360/100000000
  ⏳ pos#67: 1503360/100000000

[15:27:02] 3 vault(s)
  ⏳ pos#10: 1503360/100000000
  ⏳ pos#11: 1503360/100000000
  ⏳ pos#67: 1503360/100000000

[15:27:17] 3 vault(s)
  ⏳ pos#10: 1503360/100000000
  ⏳ pos#11: 1503360/100000000
  ⏳ pos#67: 1503360/100000000

[15:27:32] 3 vault(s)
  ⏳ pos#10: 1503360/100000000
  ⏳ pos#11: 1503360/100000000
  ⏳ pos#67: 1503360/100000000

[15:27:47] 3 vault(s)
  ⏳ pos#10: 1503360/100000000
  ⏳ pos#11: 1503360/100000000
  ⏳ pos#67: 1503360/100000000

[15:28:02] 4 vault(s)
  ⏳ pos#10: 1503360/100000000
  ⏳ pos#11: 1503360/100000000
  💰 pos#15: 111503360/100000000 — sweeping…
[doSweep] Sweeping pos#15 (111503360/100000000 lamports)…
[doSweep] ✅ pos#15 → 2w5tbmBoZo3iPoas… (rent+tip: +0.0135 SOL)
  ✅ pos#15 → 2w5tbmBoZo3iPoas…
  ⏳ pos#67: 1503360/100000000

[15:28:17] 3 vault(s)
  ⏳ pos#10: 1503360/100000000
  ⏳ pos#11: 1503360/100000000
  ⏳ pos#67: 1503360/100000000

[15:28:32] 3 vault(s)
  ⏳ pos#10: 1503360/100000000
  ⏳ pos#11: 1503360/100000000
  ⏳ pos#67: 1503360/100000000

[15:28:47] 3 vault(s)
  ⏳ pos#10: 1503360/100000000
  ⏳ pos#11: 1503360/100000000
  ⏳ pos#67: 1503360/100000000

[15:29:02] 3 vault(s)
  ⏳ pos#10: 1503360/100000000
  ⏳ pos#11: 1503360/100000000
  ⏳ pos#67: 1503360/100000000

[15:29:17] 4 vault(s)
  ⏳ pos#10: 1503360/100000000
  ⏳ pos#11: 1503360/100000000
  ⏳ pos#16: 1503360/100000000
  ⏳ pos#67: 1503360/100000000

[/sweep-now] pos#16 campaign 7TSFacdV… recipient G5keksf2…

[15:29:32] 4 vault(s)
  ⏳ pos#10: 1503360/100000000
  ⏳ pos#11: 1503360/100000000
  💰 pos#16: 111503360/100000000 — sweeping…
[doSweep] Sweeping pos#16 (111503360/100000000 lamports)…
[doSweep] Sweeping pos#16 (111503360/100000000 lamports)…
[doSweep] ✅ pos#16 → 5RSBsHVDHFLh4puD… (rent+tip: +0.0135 SOL)
  ⚠️  pos#16 sweep error: Unknown action 'undefined'
  ⏳ pos#67: 1503360/100000000

[15:29:48] 3 vault(s)
  ⏳ pos#10: 1503360/100000000
  ⏳ pos#11: 1503360/100000000
  ⏳ pos#67: 1503360/100000000

[15:30:03] 3 vault(s)
  ⏳ pos#10: 1503360/100000000
  ⏳ pos#11: 1503360/100000000
  ⏳ pos#67: 1503360/100000000

[15:30:18] 3 vault(s)
  ⏳ pos#10: 1503360/100000000
  ⏳ pos#11: 1503360/100000000
  ⏳ pos#67: 1503360/100000000

[15:30:33] 3 vault(s)
  ⏳ pos#10: 1503360/100000000
  ⏳ pos#11: 1503360/100000000
  ⏳ pos#67: 1503360/100000000

[15:30:48] 3 vault(s)
  ⏳ pos#10: 1503360/100000000
  ⏳ pos#11: 1503360/100000000
  ⏳ pos#67: 1503360/100000000

[15:31:03] 3 vault(s)
  ⏳ pos#10: 1503360/100000000
  ⏳ pos#11: 1503360/100000000
  ⏳ pos#67: 1503360/100000000

[15:31:18] 3 vault(s)
  ⏳ pos#10: 1503360/100000000
  ⏳ pos#11: 1503360/100000000
  ⏳ pos#67: 1503360/100000000

[15:31:33] 3 vault(s)
  ⏳ pos#10: 1503360/100000000
  ⏳ pos#11: 1503360/100000000
  ⏳ pos#67: 1503360/100000000

[15:31:48] 3 vault(s)
  ⏳ pos#10: 1503360/100000000
  ⏳ pos#11: 1503360/100000000
  ⏳ pos#67: 1503360/100000000

[15:32:03] 3 vault(s)
  ⏳ pos#10: 1503360/100000000
  ⏳ pos#11: 1503360/100000000
  ⏳ pos#67: 1503360/100000000

[15:32:18] 3 vault(s)
  ⏳ pos#10: 1503360/100000000
  ⏳ pos#11: 1503360/100000000
  ⏳ pos#67: 1503360/100000000

[15:32:33] 3 vault(s)
  ⏳ pos#10: 1503360/100000000
  ⏳ pos#11: 1503360/100000000
  ⏳ pos#67: 1503360/100000000

[15:32:48] 3 vault(s)
  ⏳ pos#10: 1503360/100000000
  ⏳ pos#11: 1503360/100000000
  ⏳ pos#67: 1503360/100000000

[15:33:03] 4 vault(s)
  ⏳ pos#10: 1503360/100000000
  ⏳ pos#11: 1503360/100000000
  💰 pos#17: 111503360/100000000 — sweeping…
[doSweep] Sweeping pos#17 (111503360/100000000 lamports)…
[doSweep] ✅ pos#17 → 3RNGoPjE4WJW8UvN… (rent+tip: +0.0135 SOL)
  ✅ pos#17 → 3RNGoPjE4WJW8UvN…
  ⏳ pos#67: 1503360/100000000

[15:33:18] 3 vault(s)
  ⏳ pos#10: 1503360/100000000
  ⏳ pos#11: 1503360/100000000
  ⏳ pos#67: 1503360/100000000

[15:33:33] 3 vault(s)
  ⏳ pos#10: 1503360/100000000
  ⏳ pos#11: 1503360/100000000
  ⏳ pos#67: 1503360/100000000

[15:33:48] 3 vault(s)
  ⏳ pos#10: 1503360/100000000
  ⏳ pos#11: 1503360/100000000
  ⏳ pos#67: 1503360/100000000

[15:34:03] 3 vault(s)
  ⏳ pos#10: 1503360/100000000
  ⏳ pos#11: 1503360/100000000
  ⏳ pos#67: 1503360/100000000

[15:34:18] 3 vault(s)
  ⏳ pos#10: 1503360/100000000
  ⏳ pos#11: 1503360/100000000
  ⏳ pos#67: 1503360/100000000

[15:34:33] 3 vault(s)
  ⏳ pos#10: 1503360/100000000
  ⏳ pos#11: 1503360/100000000
  ⏳ pos#67: 1503360/100000000

[15:34:48] 3 vault(s)
  ⏳ pos#10: 1503360/100000000
  ⏳ pos#11: 1503360/100000000
  ⏳ pos#67: 1503360/100000000

[15:35:03] 3 vault(s)
  ⏳ pos#10: 1503360/100000000
  ⏳ pos#11: 1503360/100000000
  ⏳ pos#67: 1503360/100000000

[15:35:18] 3 vault(s)
  ⏳ pos#10: 1503360/100000000
  ⏳ pos#11: 1503360/100000000
  ⏳ pos#67: 1503360/100000000

[15:35:33] 3 vault(s)
  ⏳ pos#10: 1503360/100000000
  ⏳ pos#11: 1503360/100000000
  ⏳ pos#67: 1503360/100000000

[15:35:48] 3 vault(s)
  ⏳ pos#10: 1503360/100000000
  ⏳ pos#11: 1503360/100000000
  ⏳ pos#67: 1503360/100000000

[15:36:03] 3 vault(s)
  ⏳ pos#10: 1503360/100000000
  ⏳ pos#11: 1503360/100000000
  ⏳ pos#67: 1503360/100000000

[15:36:18] 3 vault(s)
  ⏳ pos#10: 1503360/100000000
  ⏳ pos#11: 1503360/100000000
  ⏳ pos#67: 1503360/100000000

[15:36:33] 3 vault(s)
  ⏳ pos#10: 1503360/100000000
  ⏳ pos#11: 1503360/100000000
  ⏳ pos#67: 1503360/100000000

[15:36:48] 3 vault(s)
  ⏳ pos#10: 1503360/100000000
  ⏳ pos#11: 1503360/100000000
  ⏳ pos#67: 1503360/100000000

[15:37:03] 3 vault(s)
  ⏳ pos#10: 1503360/100000000
  ⏳ pos#11: 1503360/100000000
  ⏳ pos#67: 1503360/100000000

[15:37:18] 3 vault(s)
  ⏳ pos#10: 1503360/100000000
  ⏳ pos#11: 1503360/100000000
  ⏳ pos#67: 1503360/100000000

[15:37:33] 3 vault(s)
  ⏳ pos#10: 1503360/100000000
  ⏳ pos#11: 1503360/100000000
  ⏳ pos#67: 1503360/100000000

[15:37:48] 3 vault(s)
  ⏳ pos#10: 1503360/100000000
  ⏳ pos#11: 1503360/100000000
  ⏳ pos#67: 1503360/100000000

[15:38:03] 3 vault(s)
  ⏳ pos#10: 1503360/100000000
  ⏳ pos#11: 1503360/100000000
  ⏳ pos#67: 1503360/100000000

[15:38:18] 3 vault(s)
  ⏳ pos#10: 1503360/100000000
  ⏳ pos#11: 1503360/100000000
  ⏳ pos#67: 1503360/100000000

[15:38:33] 3 vault(s)
  ⏳ pos#10: 1503360/100000000
  ⏳ pos#11: 1503360/100000000
  ⏳ pos#67: 1503360/100000000

[15:38:48] 3 vault(s)
  ⏳ pos#10: 1503360/100000000
  ⏳ pos#11: 1503360/100000000
  ⏳ pos#67: 1503360/100000000

[15:39:03] 3 vault(s)
  ⏳ pos#10: 1503360/100000000
  ⏳ pos#11: 1503360/100000000
  ⏳ pos#67: 1503360/100000000

[15:39:18] 3 vault(s)
  ⏳ pos#10: 1503360/100000000
  ⏳ pos#11: 1503360/100000000
  ⏳ pos#67: 1503360/100000000

[15:39:33] 3 vault(s)
  ⏳ pos#10: 1503360/100000000
  ⏳ pos#11: 1503360/100000000
  ⏳ pos#67: 1503360/100000000

[15:39:48] 3 vault(s)
  ⏳ pos#10: 1503360/100000000
  ⏳ pos#11: 1503360/100000000
  ⏳ pos#67: 1503360/100000000

[15:40:03] 3 vault(s)
  ⏳ pos#10: 1503360/100000000
  ⏳ pos#11: 1503360/100000000
  ⏳ pos#67: 1503360/100000000

[15:40:18] 3 vault(s)
  ⏳ pos#10: 1503360/100000000
  ⏳ pos#11: 1503360/100000000
  ⏳ pos#67: 1503360/100000000

[15:40:33] 3 vault(s)
  ⏳ pos#10: 1503360/100000000
  ⏳ pos#11: 1503360/100000000
  ⏳ pos#67: 1503360/100000000

[15:40:48] 3 vault(s)
  ⏳ pos#10: 1503360/100000000
  ⏳ pos#11: 1503360/100000000
  ⏳ pos#67: 1503360/100000000

[15:41:03] 3 vault(s)
  ⏳ pos#10: 1503360/100000000
  ⏳ pos#11: 1503360/100000000
  ⏳ pos#67: 1503360/100000000

[15:41:18] 3 vault(s)
  ⏳ pos#10: 1503360/100000000
  ⏳ pos#11: 1503360/100000000
  ⏳ pos#67: 1503360/100000000

[15:41:33] 3 vault(s)
  ⏳ pos#10: 1503360/100000000
  ⏳ pos#11: 1503360/100000000
  ⏳ pos#67: 1503360/100000000

[15:41:48] 4 vault(s)
  ⏳ pos#10: 1503360/100000000
  ⏳ pos#11: 1503360/100000000
  ⏳ pos#19: 1503360/100000000
  ⏳ pos#67: 1503360/100000000

[/sweep-now] pos#19 campaign 7TSFacdV… recipient G5keksf2…
[doSweep] Sweeping pos#19 (111503360/100000000 lamports)…
[doSweep] ✅ pos#19 → 2Uj9wwHdWbQcVxte… (rent+tip: +0.0135 SOL)

[15:42:03] 3 vault(s)
  ⏳ pos#10: 1503360/100000000
  ⏳ pos#11: 1503360/100000000
  ⏳ pos#67: 1503360/100000000

[15:42:18] 3 vault(s)
  ⏳ pos#10: 1503360/100000000
  ⏳ pos#11: 1503360/100000000
  ⏳ pos#67: 1503360/100000000

[15:42:33] 3 vault(s)
  ⏳ pos#10: 1503360/100000000
  ⏳ pos#11: 1503360/100000000
  ⏳ pos#67: 1503360/100000000

[15:42:48] 3 vault(s)
  ⏳ pos#10: 1503360/100000000
  ⏳ pos#11: 1503360/100000000
  ⏳ pos#67: 1503360/100000000

[15:43:03] 3 vault(s)
  ⏳ pos#10: 1503360/100000000
  ⏳ pos#11: 1503360/100000000
  ⏳ pos#67: 1503360/100000000

[15:43:18] 3 vault(s)
  ⏳ pos#10: 1503360/100000000
  ⏳ pos#11: 1503360/100000000
  ⏳ pos#67: 1503360/100000000

[15:43:33] 3 vault(s)
  ⏳ pos#10: 1503360/100000000
  ⏳ pos#11: 1503360/100000000
  ⏳ pos#67: 1503360/100000000

[15:43:48] 3 vault(s)
  ⏳ pos#10: 1503360/100000000
  ⏳ pos#11: 1503360/100000000
  ⏳ pos#67: 1503360/100000000

[15:44:03] 3 vault(s)
  ⏳ pos#10: 1503360/100000000
  ⏳ pos#11: 1503360/100000000
  ⏳ pos#67: 1503360/100000000

[15:44:18] 3 vault(s)
  ⏳ pos#10: 1503360/100000000
  ⏳ pos#11: 1503360/100000000
  ⏳ pos#67: 1503360/100000000

[15:44:33] 3 vault(s)
  ⏳ pos#10: 1503360/100000000
  ⏳ pos#11: 1503360/100000000
  ⏳ pos#67: 1503360/100000000

[15:44:48] 3 vault(s)
  ⏳ pos#10: 1503360/100000000
  ⏳ pos#11: 1503360/100000000
  ⏳ pos#67: 1503360/100000000

[15:45:03] 3 vault(s)
  ⏳ pos#10: 1503360/100000000
  ⏳ pos#11: 1503360/100000000
  ⏳ pos#67: 1503360/100000000

[15:45:18] 3 vault(s)
  ⏳ pos#10: 1503360/100000000
  ⏳ pos#11: 1503360/100000000
  ⏳ pos#67: 1503360/100000000

[15:45:33] 3 vault(s)
  ⏳ pos#10: 1503360/100000000
  ⏳ pos#11: 1503360/100000000
  ⏳ pos#67: 1503360/100000000

[15:45:48] 3 vault(s)
  ⏳ pos#10: 1503360/100000000
  ⏳ pos#11: 1503360/100000000
  ⏳ pos#67: 1503360/100000000

[15:46:03] 3 vault(s)
  ⏳ pos#10: 1503360/100000000
  ⏳ pos#11: 1503360/100000000
  ⏳ pos#67: 1503360/100000000

[15:46:18] 3 vault(s)
  ⏳ pos#10: 1503360/100000000
  ⏳ pos#11: 1503360/100000000
  ⏳ pos#67: 1503360/100000000

[15:46:33] 3 vault(s)
  ⏳ pos#10: 1503360/100000000
  ⏳ pos#11: 1503360/100000000
  ⏳ pos#67: 1503360/100000000

[15:46:48] 3 vault(s)
  ⏳ pos#10: 1503360/100000000
  ⏳ pos#11: 1503360/100000000
  ⏳ pos#67: 1503360/100000000

[15:47:03] 3 vault(s)
  ⏳ pos#10: 1503360/100000000
  ⏳ pos#11: 1503360/100000000
  ⏳ pos#67: 1503360/100000000

[15:47:18] 3 vault(s)
  ⏳ pos#10: 1503360/100000000
  ⏳ pos#11: 1503360/100000000
  ⏳ pos#67: 1503360/100000000

[15:47:33] 3 vault(s)
  ⏳ pos#10: 1503360/100000000
  ⏳ pos#11: 1503360/100000000
  ⏳ pos#67: 1503360/100000000

[15:47:48] 3 vault(s)
  ⏳ pos#10: 1503360/100000000
  ⏳ pos#11: 1503360/100000000
  ⏳ pos#67: 1503360/100000000

[15:48:03] 3 vault(s)
  ⏳ pos#10: 1503360/100000000
  ⏳ pos#11: 1503360/100000000
  ⏳ pos#67: 1503360/100000000

[15:48:18] 3 vault(s)
  ⏳ pos#10: 1503360/100000000
  ⏳ pos#11: 1503360/100000000
  ⏳ pos#67: 1503360/100000000

[15:48:33] 3 vault(s)
  ⏳ pos#10: 1503360/100000000
  ⏳ pos#11: 1503360/100000000
  ⏳ pos#67: 1503360/100000000

[15:48:48] 3 vault(s)
  ⏳ pos#10: 1503360/100000000
  ⏳ pos#11: 1503360/100000000
  ⏳ pos#67: 1503360/100000000

[15:49:03] 3 vault(s)
  ⏳ pos#10: 1503360/100000000
  ⏳ pos#11: 1503360/100000000
  ⏳ pos#67: 1503360/100000000

[15:49:18] 3 vault(s)
  ⏳ pos#10: 1503360/100000000
  ⏳ pos#11: 1503360/100000000
  ⏳ pos#67: 1503360/100000000

[15:49:33] 3 vault(s)
  ⏳ pos#10: 1503360/100000000
  ⏳ pos#11: 1503360/100000000
  ⏳ pos#67: 1503360/100000000

[15:49:48] 3 vault(s)
  ⏳ pos#10: 1503360/100000000
  ⏳ pos#11: 1503360/100000000
  ⏳ pos#67: 1503360/100000000

[15:50:03] 3 vault(s)
  ⏳ pos#10: 1503360/100000000
  ⏳ pos#11: 1503360/100000000
  ⏳ pos#67: 1503360/100000000

[15:50:18] 3 vault(s)
  ⏳ pos#10: 1503360/100000000
  ⏳ pos#11: 1503360/100000000
  ⏳ pos#67: 1503360/100000000

[15:50:33] 3 vault(s)
  ⏳ pos#10: 1503360/100000000
  ⏳ pos#11: 1503360/100000000
  ⏳ pos#67: 1503360/100000000

[15:50:48] 3 vault(s)
  ⏳ pos#10: 1503360/100000000
  ⏳ pos#11: 1503360/100000000
  ⏳ pos#67: 1503360/100000000

[15:51:03] 3 vault(s)
  ⏳ pos#10: 1503360/100000000
  ⏳ pos#11: 1503360/100000000
  ⏳ pos#67: 1503360/100000000

[15:51:18] 3 vault(s)
  ⏳ pos#10: 1503360/100000000
  ⏳ pos#11: 1503360/100000000
  ⏳ pos#67: 1503360/100000000

[15:51:33] 3 vault(s)
  ⏳ pos#10: 1503360/100000000
  ⏳ pos#11: 1503360/100000000
  ⏳ pos#67: 1503360/100000000

[15:51:48] 3 vault(s)
  ⏳ pos#10: 1503360/100000000
  ⏳ pos#11: 1503360/100000000
  ⏳ pos#67: 1503360/100000000

[15:52:03] 3 vault(s)
  ⏳ pos#10: 1503360/100000000
  ⏳ pos#11: 1503360/100000000
  ⏳ pos#67: 1503360/100000000

[15:52:18] 3 vault(s)
  ⏳ pos#10: 1503360/100000000
  ⏳ pos#11: 1503360/100000000
  ⏳ pos#67: 1503360/100000000

[15:52:33] 3 vault(s)
  ⏳ pos#10: 1503360/100000000
  ⏳ pos#11: 1503360/100000000
  ⏳ pos#67: 1503360/100000000

[15:52:48] 3 vault(s)
  ⏳ pos#10: 1503360/100000000
  ⏳ pos#11: 1503360/100000000
  ⏳ pos#67: 1503360/100000000

[15:53:03] 3 vault(s)
  ⏳ pos#10: 1503360/100000000
  ⏳ pos#11: 1503360/100000000
  ⏳ pos#67: 1503360/100000000

[15:53:18] 3 vault(s)
  ⏳ pos#10: 1503360/100000000
  ⏳ pos#11: 1503360/100000000
  ⏳ pos#67: 1503360/100000000

[15:53:33] 3 vault(s)
  ⏳ pos#10: 1503360/100000000
  ⏳ pos#11: 1503360/100000000
  ⏳ pos#67: 1503360/100000000

[15:53:48] 3 vault(s)
  ⏳ pos#10: 1503360/100000000
  ⏳ pos#11: 1503360/100000000
  ⏳ pos#67: 1503360/100000000

[15:54:03] 3 vault(s)
  ⏳ pos#10: 1503360/100000000
  ⏳ pos#11: 1503360/100000000
  ⏳ pos#67: 1503360/100000000

[15:54:18] 3 vault(s)
  ⏳ pos#10: 1503360/100000000
  ⏳ pos#11: 1503360/100000000
  ⏳ pos#67: 1503360/100000000

[15:54:33] 3 vault(s)
  ⏳ pos#10: 1503360/100000000
  ⏳ pos#11: 1503360/100000000
  ⏳ pos#67: 1503360/100000000

[15:54:48] 3 vault(s)
  ⏳ pos#10: 1503360/100000000
  ⏳ pos#11: 1503360/100000000
  ⏳ pos#67: 1503360/100000000

[15:55:03] 3 vault(s)
  ⏳ pos#10: 1503360/100000000
  ⏳ pos#11: 1503360/100000000
  ⏳ pos#67: 1503360/100000000

[15:55:18] 3 vault(s)
  ⏳ pos#10: 1503360/100000000
  ⏳ pos#11: 1503360/100000000
  ⏳ pos#67: 1503360/100000000

[15:55:33] 3 vault(s)
  ⏳ pos#10: 1503360/100000000
  ⏳ pos#11: 1503360/100000000
  ⏳ pos#67: 1503360/100000000

[15:55:48] 3 vault(s)
  ⏳ pos#10: 1503360/100000000
  ⏳ pos#11: 1503360/100000000
  ⏳ pos#67: 1503360/100000000

[15:56:03] 3 vault(s)
  ⏳ pos#10: 1503360/100000000
  ⏳ pos#11: 1503360/100000000
  ⏳ pos#67: 1503360/100000000

[15:56:18] 3 vault(s)
  ⏳ pos#10: 1503360/100000000
  ⏳ pos#11: 1503360/100000000
  ⏳ pos#67: 1503360/100000000

[15:56:33] 3 vault(s)
  ⏳ pos#10: 1503360/100000000
  ⏳ pos#11: 1503360/100000000
  ⏳ pos#67: 1503360/100000000

[15:56:48] 3 vault(s)
  ⏳ pos#10: 1503360/100000000
  ⏳ pos#11: 1503360/100000000
  ⏳ pos#67: 1503360/100000000

[15:57:03] 3 vault(s)
  ⏳ pos#10: 1503360/100000000
  ⏳ pos#11: 1503360/100000000
  ⏳ pos#67: 1503360/100000000

[15:57:18] 3 vault(s)
  ⏳ pos#10: 1503360/100000000
  ⏳ pos#11: 1503360/100000000
  ⏳ pos#67: 1503360/100000000

[15:57:33] 3 vault(s)
  ⏳ pos#10: 1503360/100000000
  ⏳ pos#11: 1503360/100000000
  ⏳ pos#67: 1503360/100000000

[15:57:48] 3 vault(s)
  ⏳ pos#10: 1503360/100000000
  ⏳ pos#11: 1503360/100000000
  ⏳ pos#67: 1503360/100000000

[15:58:03] 3 vault(s)
  ⏳ pos#10: 1503360/100000000
  ⏳ pos#11: 1503360/100000000
  ⏳ pos#67: 1503360/100000000

[15:58:18] 3 vault(s)
  ⏳ pos#10: 1503360/100000000
  ⏳ pos#11: 1503360/100000000
  ⏳ pos#67: 1503360/100000000

[15:58:33] 3 vault(s)
  ⏳ pos#10: 1503360/100000000
  ⏳ pos#11: 1503360/100000000
  ⏳ pos#67: 1503360/100000000

[15:58:48] 3 vault(s)
  ⏳ pos#10: 1503360/100000000
  ⏳ pos#11: 1503360/100000000
  ⏳ pos#67: 1503360/100000000

[15:59:03] 3 vault(s)
  ⏳ pos#10: 1503360/100000000
  ⏳ pos#11: 1503360/100000000
  ⏳ pos#67: 1503360/100000000

[15:59:18] 3 vault(s)
  ⏳ pos#10: 1503360/100000000
  ⏳ pos#11: 1503360/100000000
  ⏳ pos#67: 1503360/100000000

[15:59:33] 3 vault(s)
  ⏳ pos#10: 1503360/100000000
  ⏳ pos#11: 1503360/100000000
  ⏳ pos#67: 1503360/100000000

[15:59:48] 3 vault(s)
  ⏳ pos#10: 1503360/100000000
  ⏳ pos#11: 1503360/100000000
  ⏳ pos#67: 1503360/100000000

[16:00:03] 3 vault(s)
  ⏳ pos#10: 1503360/100000000
  ⏳ pos#11: 1503360/100000000
  ⏳ pos#67: 1503360/100000000

[16:00:18] 3 vault(s)
  ⏳ pos#10: 1503360/100000000
  ⏳ pos#11: 1503360/100000000
  ⏳ pos#67: 1503360/100000000

[16:00:33] 3 vault(s)
  ⏳ pos#10: 1503360/100000000
  ⏳ pos#11: 1503360/100000000
  ⏳ pos#67: 1503360/100000000

[16:00:48] 3 vault(s)
  ⏳ pos#10: 1503360/100000000
  ⏳ pos#11: 1503360/100000000
  ⏳ pos#67: 1503360/100000000

[16:01:03] 3 vault(s)
  ⏳ pos#10: 1503360/100000000
  ⏳ pos#11: 1503360/100000000
  ⏳ pos#67: 1503360/100000000

[16:01:18] 3 vault(s)
  ⏳ pos#10: 1503360/100000000
  ⏳ pos#11: 1503360/100000000
  ⏳ pos#67: 1503360/100000000

[16:01:33] 3 vault(s)
  ⏳ pos#10: 1503360/100000000
  ⏳ pos#11: 1503360/100000000
  ⏳ pos#67: 1503360/100000000

[16:01:48] 3 vault(s)
  ⏳ pos#10: 1503360/100000000
  ⏳ pos#11: 1503360/100000000
  ⏳ pos#67: 1503360/100000000

[16:02:03] 3 vault(s)
  ⏳ pos#10: 1503360/100000000
  ⏳ pos#11: 1503360/100000000
  ⏳ pos#67: 1503360/100000000

[16:02:18] 3 vault(s)
  ⏳ pos#10: 1503360/100000000
  ⏳ pos#11: 1503360/100000000
  ⏳ pos#67: 1503360/100000000

[16:02:34] 3 vault(s)
  ⏳ pos#10: 1503360/100000000
  ⏳ pos#11: 1503360/100000000
  ⏳ pos#67: 1503360/100000000

[16:02:49] 3 vault(s)
  ⏳ pos#10: 1503360/100000000
  ⏳ pos#11: 1503360/100000000
  ⏳ pos#67: 1503360/100000000

[16:03:04] 3 vault(s)
  ⏳ pos#10: 1503360/100000000
  ⏳ pos#11: 1503360/100000000
  ⏳ pos#67: 1503360/100000000

[16:03:19] 3 vault(s)
  ⏳ pos#10: 1503360/100000000
  ⏳ pos#11: 1503360/100000000
  ⏳ pos#67: 1503360/100000000

[16:03:34] 3 vault(s)
  ⏳ pos#10: 1503360/100000000
  ⏳ pos#11: 1503360/100000000
  ⏳ pos#67: 1503360/100000000

[16:03:49] 3 vault(s)
  ⏳ pos#10: 1503360/100000000
  ⏳ pos#11: 1503360/100000000
  ⏳ pos#67: 1503360/100000000

[16:04:04] 3 vault(s)
  ⏳ pos#10: 1503360/100000000
  ⏳ pos#11: 1503360/100000000
  ⏳ pos#67: 1503360/100000000

[16:04:19] 3 vault(s)
  ⏳ pos#10: 1503360/100000000
  ⏳ pos#11: 1503360/100000000
  ⏳ pos#67: 1503360/100000000

[16:04:34] 3 vault(s)
  ⏳ pos#10: 1503360/100000000
  ⏳ pos#11: 1503360/100000000
  ⏳ pos#67: 1503360/100000000

[16:04:49] 3 vault(s)
  ⏳ pos#10: 1503360/100000000
  ⏳ pos#11: 1503360/100000000
  ⏳ pos#67: 1503360/100000000

[16:05:04] 3 vault(s)
  ⏳ pos#10: 1503360/100000000
  ⏳ pos#11: 1503360/100000000
  ⏳ pos#67: 1503360/100000000

[16:05:19] 3 vault(s)
  ⏳ pos#10: 1503360/100000000
  ⏳ pos#11: 1503360/100000000
  ⏳ pos#67: 1503360/100000000

[16:05:34] 3 vault(s)
  ⏳ pos#10: 1503360/100000000
  ⏳ pos#11: 1503360/100000000
  ⏳ pos#67: 1503360/100000000

[16:05:49] 3 vault(s)
  ⏳ pos#10: 1503360/100000000
  ⏳ pos#11: 1503360/100000000
  ⏳ pos#67: 1503360/100000000

[16:06:04] 3 vault(s)
  ⏳ pos#10: 1503360/100000000
  ⏳ pos#11: 1503360/100000000
  ⏳ pos#67: 1503360/100000000

[16:06:19] 3 vault(s)
  ⏳ pos#10: 1503360/100000000
  ⏳ pos#11: 1503360/100000000
  ⏳ pos#67: 1503360/100000000

[16:06:34] 3 vault(s)
  ⏳ pos#10: 1503360/100000000
  ⏳ pos#11: 1503360/100000000
  ⏳ pos#67: 1503360/100000000

[16:06:49] 3 vault(s)
  ⏳ pos#10: 1503360/100000000
  ⏳ pos#11: 1503360/100000000
  ⏳ pos#67: 1503360/100000000

[16:07:04] 3 vault(s)
  ⏳ pos#10: 1503360/100000000
  ⏳ pos#11: 1503360/100000000
  ⏳ pos#67: 1503360/100000000

[16:07:19] 3 vault(s)
  ⏳ pos#10: 1503360/100000000
  ⏳ pos#11: 1503360/100000000
  ⏳ pos#67: 1503360/100000000

[16:07:34] 3 vault(s)
  ⏳ pos#10: 1503360/100000000
  ⏳ pos#11: 1503360/100000000
  ⏳ pos#67: 1503360/100000000

[16:07:49] 3 vault(s)
  ⏳ pos#10: 1503360/100000000
  ⏳ pos#11: 1503360/100000000
  ⏳ pos#67: 1503360/100000000

[16:08:04] 3 vault(s)
  ⏳ pos#10: 1503360/100000000
  ⏳ pos#11: 1503360/100000000
  ⏳ pos#67: 1503360/100000000

[16:08:19] 3 vault(s)
  ⏳ pos#10: 1503360/100000000
  ⏳ pos#11: 1503360/100000000
  ⏳ pos#67: 1503360/100000000

[16:08:34] 3 vault(s)
  ⏳ pos#10: 1503360/100000000
  ⏳ pos#11: 1503360/100000000
  ⏳ pos#67: 1503360/100000000

[16:08:49] 3 vault(s)
  ⏳ pos#10: 1503360/100000000
  ⏳ pos#11: 1503360/100000000
  ⏳ pos#67: 1503360/100000000

[16:09:04] 3 vault(s)
  ⏳ pos#10: 1503360/100000000
  ⏳ pos#11: 1503360/100000000
  ⏳ pos#67: 1503360/100000000

[16:09:19] 3 vault(s)
  ⏳ pos#10: 1503360/100000000
  ⏳ pos#11: 1503360/100000000
  ⏳ pos#67: 1503360/100000000

[16:09:34] 3 vault(s)
  ⏳ pos#10: 1503360/100000000
  ⏳ pos#11: 1503360/100000000
  ⏳ pos#67: 1503360/100000000

[16:09:49] 3 vault(s)
  ⏳ pos#10: 1503360/100000000
  ⏳ pos#11: 1503360/100000000
  ⏳ pos#67: 1503360/100000000

[16:10:04] 3 vault(s)
  ⏳ pos#10: 1503360/100000000
  ⏳ pos#11: 1503360/100000000
  ⏳ pos#67: 1503360/100000000

[16:10:19] 3 vault(s)
  ⏳ pos#10: 1503360/100000000
  ⏳ pos#11: 1503360/100000000
  ⏳ pos#67: 1503360/100000000

[16:10:34] 3 vault(s)
  ⏳ pos#10: 1503360/100000000
  ⏳ pos#11: 1503360/100000000
  ⏳ pos#67: 1503360/100000000

[16:10:49] 3 vault(s)
  ⏳ pos#10: 1503360/100000000
  ⏳ pos#11: 1503360/100000000
  ⏳ pos#67: 1503360/100000000

[16:11:04] 3 vault(s)
  ⏳ pos#10: 1503360/100000000
  ⏳ pos#11: 1503360/100000000
  ⏳ pos#67: 1503360/100000000

[16:11:19] 3 vault(s)
  ⏳ pos#10: 1503360/100000000
  ⏳ pos#11: 1503360/100000000
  ⏳ pos#67: 1503360/100000000

[16:11:34] 3 vault(s)
  ⏳ pos#10: 1503360/100000000
  ⏳ pos#11: 1503360/100000000
  ⏳ pos#67: 1503360/100000000

[16:11:49] 3 vault(s)
  ⏳ pos#10: 1503360/100000000
  ⏳ pos#11: 1503360/100000000
  ⏳ pos#67: 1503360/100000000

[16:12:04] 3 vault(s)
  ⏳ pos#10: 1503360/100000000
  ⏳ pos#11: 1503360/100000000
  ⏳ pos#67: 1503360/100000000

[16:12:19] 3 vault(s)
  ⏳ pos#10: 1503360/100000000
  ⏳ pos#11: 1503360/100000000
  ⏳ pos#67: 1503360/100000000

[16:12:34] 3 vault(s)
  ⏳ pos#10: 1503360/100000000
  ⏳ pos#11: 1503360/100000000
  ⏳ pos#67: 1503360/100000000

[16:12:49] 3 vault(s)
  ⏳ pos#10: 1503360/100000000
  ⏳ pos#11: 1503360/100000000
  ⏳ pos#67: 1503360/100000000

[16:13:04] 3 vault(s)
  ⏳ pos#10: 1503360/100000000
  ⏳ pos#11: 1503360/100000000
  ⏳ pos#67: 1503360/100000000

[16:13:19] 3 vault(s)
  ⏳ pos#10: 1503360/100000000
  ⏳ pos#11: 1503360/100000000
  ⏳ pos#67: 1503360/100000000

[16:13:34] 3 vault(s)
  ⏳ pos#10: 1503360/100000000
  ⏳ pos#11: 1503360/100000000
  ⏳ pos#67: 1503360/100000000

[16:13:49] 3 vault(s)
  ⏳ pos#10: 1503360/100000000
  ⏳ pos#11: 1503360/100000000
  ⏳ pos#67: 1503360/100000000

[16:14:04] 3 vault(s)
  ⏳ pos#10: 1503360/100000000
  ⏳ pos#11: 1503360/100000000
  ⏳ pos#67: 1503360/100000000

[16:14:19] 3 vault(s)
  ⏳ pos#10: 1503360/100000000
  ⏳ pos#11: 1503360/100000000
  ⏳ pos#67: 1503360/100000000

[16:14:34] 3 vault(s)
  ⏳ pos#10: 1503360/100000000
  ⏳ pos#11: 1503360/100000000
  ⏳ pos#67: 1503360/100000000

[16:14:49] 3 vault(s)
  ⏳ pos#10: 1503360/100000000
  ⏳ pos#11: 1503360/100000000
  ⏳ pos#67: 1503360/100000000

[16:15:04] 3 vault(s)
  ⏳ pos#10: 1503360/100000000
  ⏳ pos#11: 1503360/100000000
  ⏳ pos#67: 1503360/100000000

[16:15:19] 3 vault(s)
  ⏳ pos#10: 1503360/100000000
  ⏳ pos#11: 1503360/100000000
  ⏳ pos#67: 1503360/100000000

[16:15:34] 3 vault(s)
  ⏳ pos#10: 1503360/100000000
  ⏳ pos#11: 1503360/100000000
  ⏳ pos#67: 1503360/100000000

[16:15:49] 3 vault(s)
  ⏳ pos#10: 1503360/100000000
  ⏳ pos#11: 1503360/100000000
  ⏳ pos#67: 1503360/100000000

[16:16:04] 3 vault(s)
  ⏳ pos#10: 1503360/100000000
  ⏳ pos#11: 1503360/100000000
  ⏳ pos#67: 1503360/100000000

[16:16:19] 3 vault(s)
  ⏳ pos#10: 1503360/100000000
  ⏳ pos#11: 1503360/100000000
  ⏳ pos#67: 1503360/100000000

[16:16:34] 3 vault(s)
  ⏳ pos#10: 1503360/100000000
  ⏳ pos#11: 1503360/100000000
  ⏳ pos#67: 1503360/100000000

[16:16:49] 3 vault(s)
  ⏳ pos#10: 1503360/100000000
  ⏳ pos#11: 1503360/100000000
  ⏳ pos#67: 1503360/100000000

[16:17:04] 3 vault(s)
  ⏳ pos#10: 1503360/100000000
  ⏳ pos#11: 1503360/100000000
  ⏳ pos#67: 1503360/100000000

[16:17:19] 3 vault(s)
  ⏳ pos#10: 1503360/100000000
  ⏳ pos#11: 1503360/100000000
  ⏳ pos#67: 1503360/100000000

[16:17:34] 3 vault(s)
  ⏳ pos#10: 1503360/100000000
  ⏳ pos#11: 1503360/100000000
  ⏳ pos#67: 1503360/100000000

[16:17:49] 3 vault(s)
  ⏳ pos#10: 1503360/100000000
  ⏳ pos#11: 1503360/100000000
  ⏳ pos#67: 1503360/100000000

[16:18:04] 3 vault(s)
  ⏳ pos#10: 1503360/100000000
  ⏳ pos#11: 1503360/100000000
  ⏳ pos#67: 1503360/100000000

[16:18:19] 3 vault(s)
  ⏳ pos#10: 1503360/100000000
  ⏳ pos#11: 1503360/100000000
  ⏳ pos#67: 1503360/100000000

[16:18:34] 3 vault(s)
  ⏳ pos#10: 1503360/100000000
  ⏳ pos#11: 1503360/100000000
  ⏳ pos#67: 1503360/100000000

[16:18:49] 3 vault(s)
  ⏳ pos#10: 1503360/100000000
  ⏳ pos#11: 1503360/100000000
  ⏳ pos#67: 1503360/100000000

[16:19:04] 3 vault(s)
  ⏳ pos#10: 1503360/100000000
  ⏳ pos#11: 1503360/100000000
  ⏳ pos#67: 1503360/100000000

[16:19:19] 3 vault(s)
  ⏳ pos#10: 1503360/100000000
  ⏳ pos#11: 1503360/100000000
  ⏳ pos#67: 1503360/100000000

[16:19:34] 3 vault(s)
  ⏳ pos#10: 1503360/100000000
  ⏳ pos#11: 1503360/100000000
  ⏳ pos#67: 1503360/100000000

[16:19:49] 3 vault(s)
  ⏳ pos#10: 1503360/100000000
  ⏳ pos#11: 1503360/100000000
  ⏳ pos#67: 1503360/100000000

[16:20:04] 3 vault(s)
  ⏳ pos#10: 1503360/100000000
  ⏳ pos#11: 1503360/100000000
  ⏳ pos#67: 1503360/100000000

[16:20:19] 3 vault(s)
  ⏳ pos#10: 1503360/100000000
  ⏳ pos#11: 1503360/100000000
  ⏳ pos#67: 1503360/100000000

[16:20:34] 3 vault(s)
  ⏳ pos#10: 1503360/100000000
  ⏳ pos#11: 1503360/100000000
  ⏳ pos#67: 1503360/100000000

[16:20:49] 3 vault(s)
  ⏳ pos#10: 1503360/100000000
  ⏳ pos#11: 1503360/100000000
  ⏳ pos#67: 1503360/100000000

[16:21:04] 3 vault(s)
  ⏳ pos#10: 1503360/100000000
  ⏳ pos#11: 1503360/100000000
  ⏳ pos#67: 1503360/100000000

[16:21:19] 3 vault(s)
  ⏳ pos#10: 1503360/100000000
  ⏳ pos#11: 1503360/100000000
  ⏳ pos#67: 1503360/100000000

[16:21:34] 3 vault(s)
  ⏳ pos#10: 1503360/100000000
  ⏳ pos#11: 1503360/100000000
  ⏳ pos#67: 1503360/100000000

[16:21:49] 3 vault(s)
  ⏳ pos#10: 1503360/100000000
  ⏳ pos#11: 1503360/100000000
  ⏳ pos#67: 1503360/100000000

[16:22:04] 3 vault(s)
  ⏳ pos#10: 1503360/100000000
  ⏳ pos#11: 1503360/100000000
  ⏳ pos#67: 1503360/100000000

[16:22:19] 3 vault(s)
  ⏳ pos#10: 1503360/100000000
  ⏳ pos#11: 1503360/100000000
  ⏳ pos#67: 1503360/100000000

[16:22:34] 3 vault(s)
  ⏳ pos#10: 1503360/100000000
  ⏳ pos#11: 1503360/100000000
  ⏳ pos#67: 1503360/100000000

[16:22:49] 3 vault(s)
  ⏳ pos#10: 1503360/100000000
  ⏳ pos#11: 1503360/100000000
  ⏳ pos#67: 1503360/100000000

[16:23:04] 3 vault(s)
  ⏳ pos#10: 1503360/100000000
  ⏳ pos#11: 1503360/100000000
  ⏳ pos#67: 1503360/100000000

[16:23:19] 3 vault(s)
  ⏳ pos#10: 1503360/100000000
  ⏳ pos#11: 1503360/100000000
  ⏳ pos#67: 1503360/100000000

[16:23:34] 3 vault(s)
  ⏳ pos#10: 1503360/100000000
  ⏳ pos#11: 1503360/100000000
  ⏳ pos#67: 1503360/100000000

[16:23:49] 3 vault(s)
  ⏳ pos#10: 1503360/100000000
  ⏳ pos#11: 1503360/100000000
  ⏳ pos#67: 1503360/100000000

[16:24:04] 3 vault(s)
  ⏳ pos#10: 1503360/100000000
  ⏳ pos#11: 1503360/100000000
  ⏳ pos#67: 1503360/100000000

[16:24:19] 3 vault(s)
  ⏳ pos#10: 1503360/100000000
  ⏳ pos#11: 1503360/100000000
  ⏳ pos#67: 1503360/100000000

[16:24:34] 3 vault(s)
  ⏳ pos#10: 1503360/100000000
  ⏳ pos#11: 1503360/100000000
  ⏳ pos#67: 1503360/100000000

[16:24:49] 3 vault(s)
  ⏳ pos#10: 1503360/100000000
  ⏳ pos#11: 1503360/100000000
  ⏳ pos#67: 1503360/100000000

[16:25:04] 3 vault(s)
  ⏳ pos#10: 1503360/100000000
  ⏳ pos#11: 1503360/100000000
  ⏳ pos#67: 1503360/100000000

[16:25:19] 3 vault(s)
  ⏳ pos#10: 1503360/100000000
  ⏳ pos#11: 1503360/100000000
  ⏳ pos#67: 1503360/100000000

[16:25:34] 3 vault(s)
  ⏳ pos#10: 1503360/100000000
  ⏳ pos#11: 1503360/100000000
  ⏳ pos#67: 1503360/100000000

[16:25:49] 3 vault(s)
  ⏳ pos#10: 1503360/100000000
  ⏳ pos#11: 1503360/100000000
  ⏳ pos#67: 1503360/100000000

[16:26:04] 3 vault(s)
  ⏳ pos#10: 1503360/100000000
  ⏳ pos#11: 1503360/100000000
  ⏳ pos#67: 1503360/100000000

[16:26:19] 3 vault(s)
  ⏳ pos#10: 1503360/100000000
  ⏳ pos#11: 1503360/100000000
  ⏳ pos#67: 1503360/100000000

[16:26:34] 3 vault(s)
  ⏳ pos#10: 1503360/100000000
  ⏳ pos#11: 1503360/100000000
  ⏳ pos#67: 1503360/100000000

[16:26:49] 3 vault(s)
  ⏳ pos#10: 1503360/100000000
  ⏳ pos#11: 1503360/100000000
  ⏳ pos#67: 1503360/100000000

[16:27:04] 3 vault(s)
  ⏳ pos#10: 1503360/100000000
  ⏳ pos#11: 1503360/100000000
  ⏳ pos#67: 1503360/100000000

[16:27:19] 3 vault(s)
  ⏳ pos#10: 1503360/100000000
  ⏳ pos#11: 1503360/100000000
  ⏳ pos#67: 1503360/100000000

[16:27:34] 3 vault(s)
  ⏳ pos#10: 1503360/100000000
  ⏳ pos#11: 1503360/100000000
  ⏳ pos#67: 1503360/100000000

[16:27:49] 3 vault(s)
  ⏳ pos#10: 1503360/100000000
  ⏳ pos#11: 1503360/100000000
  ⏳ pos#67: 1503360/100000000

[16:28:04] 3 vault(s)
  ⏳ pos#10: 1503360/100000000
  ⏳ pos#11: 1503360/100000000
  ⏳ pos#67: 1503360/100000000

[16:28:19] 3 vault(s)
  ⏳ pos#10: 1503360/100000000
  ⏳ pos#11: 1503360/100000000
  ⏳ pos#67: 1503360/100000000

[16:28:34] 3 vault(s)
  ⏳ pos#10: 1503360/100000000
  ⏳ pos#11: 1503360/100000000
  ⏳ pos#67: 1503360/100000000

[16:28:49] 3 vault(s)
  ⏳ pos#10: 1503360/100000000
  ⏳ pos#11: 1503360/100000000
  ⏳ pos#67: 1503360/100000000

[16:29:04] 3 vault(s)
  ⏳ pos#10: 1503360/100000000
  ⏳ pos#11: 1503360/100000000
  ⏳ pos#67: 1503360/100000000

[16:29:19] 3 vault(s)
  ⏳ pos#10: 1503360/100000000
  ⏳ pos#11: 1503360/100000000
  ⏳ pos#67: 1503360/100000000

[16:29:34] 3 vault(s)
  ⏳ pos#10: 1503360/100000000
  ⏳ pos#11: 1503360/100000000
  ⏳ pos#67: 1503360/100000000

[16:29:49] 3 vault(s)
  ⏳ pos#10: 1503360/100000000
  ⏳ pos#11: 1503360/100000000
  ⏳ pos#67: 1503360/100000000

[16:30:04] 3 vault(s)
  ⏳ pos#10: 1503360/100000000
  ⏳ pos#11: 1503360/100000000
  ⏳ pos#67: 1503360/100000000

[16:30:19] 3 vault(s)
  ⏳ pos#10: 1503360/100000000
  ⏳ pos#11: 1503360/100000000
  ⏳ pos#67: 1503360/100000000

[16:30:34] 3 vault(s)
  ⏳ pos#10: 1503360/100000000
  ⏳ pos#11: 1503360/100000000
  ⏳ pos#67: 1503360/100000000

[16:30:49] 3 vault(s)
  ⏳ pos#10: 1503360/100000000
  ⏳ pos#11: 1503360/100000000
  ⏳ pos#67: 1503360/100000000

[16:31:05] 3 vault(s)
  ⏳ pos#10: 1503360/100000000
  ⏳ pos#11: 1503360/100000000
  ⏳ pos#67: 1503360/100000000

[16:31:20] 3 vault(s)
  ⏳ pos#10: 1503360/100000000
  ⏳ pos#11: 1503360/100000000
  ⏳ pos#67: 1503360/100000000

[16:31:35] 3 vault(s)
  ⏳ pos#10: 1503360/100000000
  ⏳ pos#11: 1503360/100000000
  ⏳ pos#67: 1503360/100000000

[16:31:50] 3 vault(s)
  ⏳ pos#10: 1503360/100000000
  ⏳ pos#11: 1503360/100000000
  ⏳ pos#67: 1503360/100000000

[16:32:05] 3 vault(s)
  ⏳ pos#10: 1503360/100000000
  ⏳ pos#11: 1503360/100000000
  ⏳ pos#67: 1503360/100000000

[16:32:20] 3 vault(s)
  ⏳ pos#10: 1503360/100000000
  ⏳ pos#11: 1503360/100000000
  ⏳ pos#67: 1503360/100000000

[16:32:35] 3 vault(s)
  ⏳ pos#10: 1503360/100000000
  ⏳ pos#11: 1503360/100000000
  ⏳ pos#67: 1503360/100000000

[16:32:50] 3 vault(s)
  ⏳ pos#10: 1503360/100000000
  ⏳ pos#11: 1503360/100000000
  ⏳ pos#67: 1503360/100000000

[16:33:05] 3 vault(s)
  ⏳ pos#10: 1503360/100000000
  ⏳ pos#11: 1503360/100000000
  ⏳ pos#67: 1503360/100000000

[16:33:20] 3 vault(s)
  ⏳ pos#10: 1503360/100000000
  ⏳ pos#11: 1503360/100000000
  ⏳ pos#67: 1503360/100000000

[16:33:35] 3 vault(s)
  ⏳ pos#10: 1503360/100000000
  ⏳ pos#11: 1503360/100000000
  ⏳ pos#67: 1503360/100000000

[16:33:50] 3 vault(s)
  ⏳ pos#10: 1503360/100000000
  ⏳ pos#11: 1503360/100000000
  ⏳ pos#67: 1503360/100000000

[16:34:05] 3 vault(s)
  ⏳ pos#10: 1503360/100000000
  ⏳ pos#11: 1503360/100000000
  ⏳ pos#67: 1503360/100000000

[16:34:20] 3 vault(s)
  ⏳ pos#10: 1503360/100000000
  ⏳ pos#11: 1503360/100000000
  ⏳ pos#67: 1503360/100000000

[16:34:35] 3 vault(s)
  ⏳ pos#10: 1503360/100000000
  ⏳ pos#11: 1503360/100000000
  ⏳ pos#67: 1503360/100000000

[16:34:50] 3 vault(s)
  ⏳ pos#10: 1503360/100000000
  ⏳ pos#11: 1503360/100000000
  ⏳ pos#67: 1503360/100000000

[16:35:05] 3 vault(s)
  ⏳ pos#10: 1503360/100000000
  ⏳ pos#11: 1503360/100000000
  ⏳ pos#67: 1503360/100000000

[16:35:20] 3 vault(s)
  ⏳ pos#10: 1503360/100000000
  ⏳ pos#11: 1503360/100000000
  ⏳ pos#67: 1503360/100000000

[16:35:35] 3 vault(s)
  ⏳ pos#10: 1503360/100000000
  ⏳ pos#11: 1503360/100000000
  ⏳ pos#67: 1503360/100000000

[16:35:50] 3 vault(s)
  ⏳ pos#10: 1503360/100000000
  ⏳ pos#11: 1503360/100000000
  ⏳ pos#67: 1503360/100000000

[16:36:05] 3 vault(s)
  ⏳ pos#10: 1503360/100000000
  ⏳ pos#11: 1503360/100000000
  ⏳ pos#67: 1503360/100000000

[16:36:20] 3 vault(s)
  ⏳ pos#10: 1503360/100000000
  ⏳ pos#11: 1503360/100000000
  ⏳ pos#67: 1503360/100000000

[16:36:35] 3 vault(s)
  ⏳ pos#10: 1503360/100000000
  ⏳ pos#11: 1503360/100000000
  ⏳ pos#67: 1503360/100000000

[16:36:50] 3 vault(s)
  ⏳ pos#10: 1503360/100000000
  ⏳ pos#11: 1503360/100000000
  ⏳ pos#67: 1503360/100000000

[16:37:05] 3 vault(s)
  ⏳ pos#10: 1503360/100000000
  ⏳ pos#11: 1503360/100000000
  ⏳ pos#67: 1503360/100000000

[16:37:20] 3 vault(s)
  ⏳ pos#10: 1503360/100000000
  ⏳ pos#11: 1503360/100000000
  ⏳ pos#67: 1503360/100000000

[16:37:35] 3 vault(s)
  ⏳ pos#10: 1503360/100000000
  ⏳ pos#11: 1503360/100000000
  ⏳ pos#67: 1503360/100000000

[16:37:50] 3 vault(s)
  ⏳ pos#10: 1503360/100000000
  ⏳ pos#11: 1503360/100000000
  ⏳ pos#67: 1503360/100000000

[16:38:05] 3 vault(s)
  ⏳ pos#10: 1503360/100000000
  ⏳ pos#11: 1503360/100000000
  ⏳ pos#67: 1503360/100000000

[16:38:20] 3 vault(s)
  ⏳ pos#10: 1503360/100000000
  ⏳ pos#11: 1503360/100000000
  ⏳ pos#67: 1503360/100000000

[16:38:35] 3 vault(s)
  ⏳ pos#10: 1503360/100000000
  ⏳ pos#11: 1503360/100000000
  ⏳ pos#67: 1503360/100000000

[16:38:50] 3 vault(s)
  ⏳ pos#10: 1503360/100000000
  ⏳ pos#11: 1503360/100000000
  ⏳ pos#67: 1503360/100000000

[16:39:05] 3 vault(s)
  ⏳ pos#10: 1503360/100000000
  ⏳ pos#11: 1503360/100000000
  ⏳ pos#67: 1503360/100000000

[16:39:20] 3 vault(s)
  ⏳ pos#10: 1503360/100000000
  ⏳ pos#11: 1503360/100000000
  ⏳ pos#67: 1503360/100000000

[16:39:35] 3 vault(s)
  ⏳ pos#10: 1503360/100000000
  ⏳ pos#11: 1503360/100000000
  ⏳ pos#67: 1503360/100000000

[16:39:50] 3 vault(s)
  ⏳ pos#10: 1503360/100000000
  ⏳ pos#11: 1503360/100000000
  ⏳ pos#67: 1503360/100000000

[16:40:05] 3 vault(s)
  ⏳ pos#10: 1503360/100000000
  ⏳ pos#11: 1503360/100000000
  ⏳ pos#67: 1503360/100000000

[16:40:20] 3 vault(s)
  ⏳ pos#10: 1503360/100000000
  ⏳ pos#11: 1503360/100000000
  ⏳ pos#67: 1503360/100000000

[16:40:35] 3 vault(s)
  ⏳ pos#10: 1503360/100000000
  ⏳ pos#11: 1503360/100000000
  ⏳ pos#67: 1503360/100000000

[16:40:50] 3 vault(s)
  ⏳ pos#10: 1503360/100000000
  ⏳ pos#11: 1503360/100000000
  ⏳ pos#67: 1503360/100000000

[16:41:05] 3 vault(s)
  ⏳ pos#10: 1503360/100000000
  ⏳ pos#11: 1503360/100000000
  ⏳ pos#67: 1503360/100000000

[16:41:20] 3 vault(s)
  ⏳ pos#10: 1503360/100000000
  ⏳ pos#11: 1503360/100000000
  ⏳ pos#67: 1503360/100000000

[16:41:35] 3 vault(s)
  ⏳ pos#10: 1503360/100000000
  ⏳ pos#11: 1503360/100000000
  ⏳ pos#67: 1503360/100000000

[16:41:50] 3 vault(s)
  ⏳ pos#10: 1503360/100000000
  ⏳ pos#11: 1503360/100000000
  ⏳ pos#67: 1503360/100000000

[16:42:05] 3 vault(s)
  ⏳ pos#10: 1503360/100000000
  ⏳ pos#11: 1503360/100000000
  ⏳ pos#67: 1503360/100000000

[16:42:20] 3 vault(s)
  ⏳ pos#10: 1503360/100000000
  ⏳ pos#11: 1503360/100000000
  ⏳ pos#67: 1503360/100000000

[16:42:35] 3 vault(s)
  ⏳ pos#10: 1503360/100000000
  ⏳ pos#11: 1503360/100000000
  ⏳ pos#67: 1503360/100000000

[16:42:50] 3 vault(s)
  ⏳ pos#10: 1503360/100000000
  ⏳ pos#11: 1503360/100000000
  ⏳ pos#67: 1503360/100000000

[16:43:05] 3 vault(s)
  ⏳ pos#10: 1503360/100000000
  ⏳ pos#11: 1503360/100000000
  ⏳ pos#67: 1503360/100000000

[16:43:20] 3 vault(s)
  ⏳ pos#10: 1503360/100000000
  ⏳ pos#11: 1503360/100000000
  ⏳ pos#67: 1503360/100000000

[16:43:35] 3 vault(s)
  ⏳ pos#10: 1503360/100000000
  ⏳ pos#11: 1503360/100000000
  ⏳ pos#67: 1503360/100000000

[16:43:50] 3 vault(s)
  ⏳ pos#10: 1503360/100000000
  ⏳ pos#11: 1503360/100000000
  ⏳ pos#67: 1503360/100000000

[16:44:05] 3 vault(s)
  ⏳ pos#10: 1503360/100000000
  ⏳ pos#11: 1503360/100000000
  ⏳ pos#67: 1503360/100000000

[16:44:20] 3 vault(s)
  ⏳ pos#10: 1503360/100000000
  ⏳ pos#11: 1503360/100000000
  ⏳ pos#67: 1503360/100000000

[16:44:35] 3 vault(s)
  ⏳ pos#10: 1503360/100000000
  ⏳ pos#11: 1503360/100000000
  ⏳ pos#67: 1503360/100000000

[16:44:50] 3 vault(s)
  ⏳ pos#10: 1503360/100000000
  ⏳ pos#11: 1503360/100000000
  ⏳ pos#67: 1503360/100000000

[16:45:05] 3 vault(s)
  ⏳ pos#10: 1503360/100000000
  ⏳ pos#11: 1503360/100000000
  ⏳ pos#67: 1503360/100000000

[16:45:20] 3 vault(s)
  ⏳ pos#10: 1503360/100000000
  ⏳ pos#11: 1503360/100000000
  ⏳ pos#67: 1503360/100000000

[16:45:35] 3 vault(s)
  ⏳ pos#10: 1503360/100000000
  ⏳ pos#11: 1503360/100000000
  ⏳ pos#67: 1503360/100000000

[16:45:50] 3 vault(s)
  ⏳ pos#10: 1503360/100000000
  ⏳ pos#11: 1503360/100000000
  ⏳ pos#67: 1503360/100000000

[16:46:05] 3 vault(s)
  ⏳ pos#10: 1503360/100000000
  ⏳ pos#11: 1503360/100000000
  ⏳ pos#67: 1503360/100000000

[16:46:20] 3 vault(s)
  ⏳ pos#10: 1503360/100000000
  ⏳ pos#11: 1503360/100000000
  ⏳ pos#67: 1503360/100000000

[16:46:35] 3 vault(s)
  ⏳ pos#10: 1503360/100000000
  ⏳ pos#11: 1503360/100000000
  ⏳ pos#67: 1503360/100000000

[16:46:50] 3 vault(s)
  ⏳ pos#10: 1503360/100000000
  ⏳ pos#11: 1503360/100000000
  ⏳ pos#67: 1503360/100000000

[16:47:05] 3 vault(s)
  ⏳ pos#10: 1503360/100000000
  ⏳ pos#11: 1503360/100000000
  ⏳ pos#67: 1503360/100000000

[16:47:20] 3 vault(s)
  ⏳ pos#10: 1503360/100000000
  ⏳ pos#11: 1503360/100000000
  ⏳ pos#67: 1503360/100000000

[16:47:35] 3 vault(s)
  ⏳ pos#10: 1503360/100000000
  ⏳ pos#11: 1503360/100000000
  ⏳ pos#67: 1503360/100000000

[16:47:50] 3 vault(s)
  ⏳ pos#10: 1503360/100000000
  ⏳ pos#11: 1503360/100000000
  ⏳ pos#67: 1503360/100000000

[16:48:05] 3 vault(s)
  ⏳ pos#10: 1503360/100000000
  ⏳ pos#11: 1503360/100000000
  ⏳ pos#67: 1503360/100000000

[16:48:20] 3 vault(s)
  ⏳ pos#10: 1503360/100000000
  ⏳ pos#11: 1503360/100000000
  ⏳ pos#67: 1503360/100000000

[16:48:35] 3 vault(s)
  ⏳ pos#10: 1503360/100000000
  ⏳ pos#11: 1503360/100000000
  ⏳ pos#67: 1503360/100000000

[16:48:50] 3 vault(s)
  ⏳ pos#10: 1503360/100000000
  ⏳ pos#11: 1503360/100000000
  ⏳ pos#67: 1503360/100000000

[16:49:05] 3 vault(s)
  ⏳ pos#10: 1503360/100000000
  ⏳ pos#11: 1503360/100000000
  ⏳ pos#67: 1503360/100000000

[16:49:20] 3 vault(s)
  ⏳ pos#10: 1503360/100000000
  ⏳ pos#11: 1503360/100000000
  ⏳ pos#67: 1503360/100000000

[16:49:35] 3 vault(s)
  ⏳ pos#10: 1503360/100000000
  ⏳ pos#11: 1503360/100000000
  ⏳ pos#67: 1503360/100000000

[16:49:50] 3 vault(s)
  ⏳ pos#10: 1503360/100000000
  ⏳ pos#11: 1503360/100000000
  ⏳ pos#67: 1503360/100000000

[16:50:05] 3 vault(s)
  ⏳ pos#10: 1503360/100000000
  ⏳ pos#11: 1503360/100000000
  ⏳ pos#67: 1503360/100000000

[16:50:20] 3 vault(s)
  ⏳ pos#10: 1503360/100000000
  ⏳ pos#11: 1503360/100000000
  ⏳ pos#67: 1503360/100000000

[16:50:35] 4 vault(s)
  ⏳ pos#10: 1503360/100000000
  ⏳ pos#11: 1503360/100000000
  ⏳ pos#25: 1503360/100000000
  ⏳ pos#67: 1503360/100000000

[16:50:50] 4 vault(s)
  ⏳ pos#10: 1503360/100000000
  ⏳ pos#11: 1503360/100000000
  ⏳ pos#25: 1503360/100000000
  ⏳ pos#67: 1503360/100000000

[16:51:05] 4 vault(s)
  ⏳ pos#10: 1503360/100000000
  ⏳ pos#11: 1503360/100000000
  ⏳ pos#25: 1503360/100000000
  ⏳ pos#67: 1503360/100000000

[16:51:20] 4 vault(s)
  ⏳ pos#10: 1503360/100000000
  ⏳ pos#11: 1503360/100000000
  💰 pos#25: 111503360/100000000 — sweeping…
[doSweep] Sweeping pos#25 (111503360/100000000 lamports)…
[doSweep] ✅ pos#25 → 57DNzNCCe4uNqX65… (rent+tip: +0.0135 SOL)
  ✅ pos#25 → 57DNzNCCe4uNqX65…
  ⏳ pos#67: 1503360/100000000

[16:51:35] 3 vault(s)
  ⏳ pos#10: 1503360/100000000
  ⏳ pos#11: 1503360/100000000
  ⏳ pos#67: 1503360/100000000

[16:51:50] 3 vault(s)
  ⏳ pos#10: 1503360/100000000
  ⏳ pos#11: 1503360/100000000
  ⏳ pos#67: 1503360/100000000

[16:52:05] 3 vault(s)
  ⏳ pos#10: 1503360/100000000
  ⏳ pos#11: 1503360/100000000
  ⏳ pos#67: 1503360/100000000

[16:52:20] 3 vault(s)
  ⏳ pos#10: 1503360/100000000
  ⏳ pos#11: 1503360/100000000
  ⏳ pos#67: 1503360/100000000

[16:52:35] 3 vault(s)
  ⏳ pos#10: 1503360/100000000
  ⏳ pos#11: 1503360/100000000
  ⏳ pos#67: 1503360/100000000

[16:52:50] 3 vault(s)
  ⏳ pos#10: 1503360/100000000
  ⏳ pos#11: 1503360/100000000
  ⏳ pos#67: 1503360/100000000

[16:53:05] 3 vault(s)
  ⏳ pos#10: 1503360/100000000
  ⏳ pos#11: 1503360/100000000
  ⏳ pos#67: 1503360/100000000

[16:53:20] 3 vault(s)
  ⏳ pos#10: 1503360/100000000
  ⏳ pos#11: 1503360/100000000
  ⏳ pos#67: 1503360/100000000

[16:53:35] 3 vault(s)
  ⏳ pos#10: 1503360/100000000
  ⏳ pos#11: 1503360/100000000
  ⏳ pos#67: 1503360/100000000

[16:53:50] 3 vault(s)
  ⏳ pos#10: 1503360/100000000
  ⏳ pos#11: 1503360/100000000
  ⏳ pos#67: 1503360/100000000

[16:54:05] 3 vault(s)
  ⏳ pos#10: 1503360/100000000
  ⏳ pos#11: 1503360/100000000
  ⏳ pos#67: 1503360/100000000

[16:54:20] 3 vault(s)
  ⏳ pos#10: 1503360/100000000
  ⏳ pos#11: 1503360/100000000
  ⏳ pos#67: 1503360/100000000

[16:54:35] 3 vault(s)
  ⏳ pos#10: 1503360/100000000
  ⏳ pos#11: 1503360/100000000
  ⏳ pos#67: 1503360/100000000

[16:54:50] 3 vault(s)
  ⏳ pos#10: 1503360/100000000
  ⏳ pos#11: 1503360/100000000
  ⏳ pos#67: 1503360/100000000

[16:55:05] 3 vault(s)
  ⏳ pos#10: 1503360/100000000
  ⏳ pos#11: 1503360/100000000
  ⏳ pos#67: 1503360/100000000

[16:55:20] 3 vault(s)
  ⏳ pos#10: 1503360/100000000
  ⏳ pos#11: 1503360/100000000
  ⏳ pos#67: 1503360/100000000

[16:55:35] 3 vault(s)
  ⏳ pos#10: 1503360/100000000
  ⏳ pos#11: 1503360/100000000
  ⏳ pos#67: 1503360/100000000
